[debug] [2018-02-02T06:25:45.590Z] ----------------------------------------------------------------------
[debug] [2018-02-02T06:25:45.593Z] Command:       C:\Program Files\nodejs\node.exe C:\Users\Administrator\AppData\Roaming\npm\node_modules\firebase-tools\bin\firebase serve
[debug] [2018-02-02T06:25:45.594Z] CLI Version:   3.17.4
[debug] [2018-02-02T06:25:45.594Z] Platform:      win32
[debug] [2018-02-02T06:25:45.594Z] Node Version:  v8.9.4
[debug] [2018-02-02T06:25:45.594Z] Time:          Fri Feb 02 2018 14:25:45 GMT+0800 (中国标准时间)
[debug] [2018-02-02T06:25:45.594Z] ----------------------------------------------------------------------
[debug] 
[debug] [2018-02-02T06:25:45.614Z] > command requires scopes: ["email","openid","https://www.googleapis.com/auth/cloudplatformprojects.readonly","https://www.googleapis.com/auth/firebase","https://www.googleapis.com/auth/cloud-platform"]
[debug] [2018-02-02T06:25:45.615Z] > authorizing via signed-in user
[debug] [2018-02-02T06:25:45.619Z] >>> HTTP REQUEST GET https://admin.firebase.com/v1/projects/fire-92bac  
  
 Fri Feb 02 2018 14:25:45 GMT+0800 (中国标准时间)
[debug] [2018-02-02T06:25:47.021Z] <<< HTTP RESPONSE 200
[debug] [2018-02-02T06:25:47.023Z] >>> HTTP REQUEST GET https://admin.firebase.com/v1/database/fire-92bac/tokens  
  
 Fri Feb 02 2018 14:25:47 GMT+0800 (中国标准时间)
[debug] [2018-02-02T06:25:49.120Z] <<< HTTP RESPONSE 200
[info] 
[info] === Serving from 'C:\Users\Administrator\Desktop\demo2'...
[info] 
[debug] [2018-02-02T06:25:49.127Z] >>> HTTP REQUEST GET https://cloudresourcemanager.googleapis.com/v1/projects/fire-92bac  
  
 Fri Feb 02 2018 14:25:49 GMT+0800 (中国标准时间)
[debug] [2018-02-02T06:25:50.432Z] <<< HTTP RESPONSE 200
[debug] [2018-02-02T06:25:50.432Z] >>> HTTP REQUEST GET https://mobilesdk-pa.googleapis.com/v1/projects/383893348221/clients/_:getWebAppConfig  
  
 Fri Feb 02 2018 14:25:50 GMT+0800 (中国标准时间)
[debug] [2018-02-02T06:25:51.555Z] <<< HTTP RESPONSE 200
[info] i  hosting: Serving hosting files from: public
[info] +  hosting: Local server: http://localhost:5000

